CRITICAL - 2026-02-21 12:37:31 --> CodeIgniter\HTTP\Exceptions\BadRequestException: The URI you submitted has disallowed characters: "[object Object]"
[Method: GET, Route: uploads/%5Bobject%20Object%5D]
in SYSTEMPATH/Router/Router.php on line 741.
 1 SYSTEMPATH/Router/Router.php(207): CodeIgniter\Router\Router->checkDisallowedChars('uploads/[object Object]')
 2 SYSTEMPATH/CodeIgniter.php(832): CodeIgniter\Router\Router->handle('uploads/[object Object]')
 3 SYSTEMPATH/CodeIgniter.php(455): CodeIgniter\CodeIgniter->tryToRouteIt(Object(CodeIgniter\Router\RouteCollection))
 4 SYSTEMPATH/CodeIgniter.php(354): CodeIgniter\CodeIgniter->handleRequest(null, Object(Config\Cache), false)
 5 SYSTEMPATH/Boot.php(363): CodeIgniter\CodeIgniter->run()
 6 SYSTEMPATH/Boot.php(68): CodeIgniter\Boot::runCodeIgniter(Object(CodeIgniter\CodeIgniter))
 7 FCPATH/index.php(59): CodeIgniter\Boot::bootWeb(Object(Config\Paths))
CRITICAL - 2026-02-21 13:20:50 --> Error: Class "App\Models\EntrenamientoModel" not found
[Method: GET, Route: api/entrenamientos]
in APPPATH/Controllers/Api/Entrenamientos.php on line 19.
 1 SYSTEMPATH/CodeIgniter.php(933): App\Controllers\Api\Entrenamientos->index()
 2 SYSTEMPATH/CodeIgniter.php(507): CodeIgniter\CodeIgniter->runController(Object(App\Controllers\Api\Entrenamientos))
 3 SYSTEMPATH/CodeIgniter.php(354): CodeIgniter\CodeIgniter->handleRequest(null, Object(Config\Cache), false)
 4 SYSTEMPATH/Boot.php(363): CodeIgniter\CodeIgniter->run()
 5 SYSTEMPATH/Boot.php(68): CodeIgniter\Boot::runCodeIgniter(Object(CodeIgniter\CodeIgniter))
 6 FCPATH/index.php(59): CodeIgniter\Boot::bootWeb(Object(Config\Paths))
CRITICAL - 2026-02-21 13:21:08 --> Error: Class "App\Models\EntrenamientoModel" not found
[Method: GET, Route: api/entrenamientos]
in APPPATH/Controllers/Api/Entrenamientos.php on line 19.
 1 SYSTEMPATH/CodeIgniter.php(933): App\Controllers\Api\Entrenamientos->index()
 2 SYSTEMPATH/CodeIgniter.php(507): CodeIgniter\CodeIgniter->runController(Object(App\Controllers\Api\Entrenamientos))
 3 SYSTEMPATH/CodeIgniter.php(354): CodeIgniter\CodeIgniter->handleRequest(null, Object(Config\Cache), false)
 4 SYSTEMPATH/Boot.php(363): CodeIgniter\CodeIgniter->run()
 5 SYSTEMPATH/Boot.php(68): CodeIgniter\Boot::runCodeIgniter(Object(CodeIgniter\CodeIgniter))
 6 FCPATH/index.php(59): CodeIgniter\Boot::bootWeb(Object(Config\Paths))
CRITICAL - 2026-02-21 13:44:08 --> Error: Class "App\Models\InscripcionModel" not found
[Method: GET, Route: api/entrenamientos/12]
in APPPATH/Controllers/Api/Entrenamientos.php on line 38.
 1 SYSTEMPATH/CodeIgniter.php(933): App\Controllers\Api\Entrenamientos->tablonAtleta('12')
 2 SYSTEMPATH/CodeIgniter.php(507): CodeIgniter\CodeIgniter->runController(Object(App\Controllers\Api\Entrenamientos))
 3 SYSTEMPATH/CodeIgniter.php(354): CodeIgniter\CodeIgniter->handleRequest(null, Object(Config\Cache), false)
 4 SYSTEMPATH/Boot.php(363): CodeIgniter\CodeIgniter->run()
 5 SYSTEMPATH/Boot.php(68): CodeIgniter\Boot::runCodeIgniter(Object(CodeIgniter\CodeIgniter))
 6 FCPATH/index.php(59): CodeIgniter\Boot::bootWeb(Object(Config\Paths))
CRITICAL - 2026-02-21 13:44:17 --> Error: Class "App\Models\InscripcionModel" not found
[Method: GET, Route: api/entrenamientos/12]
in APPPATH/Controllers/Api/Entrenamientos.php on line 38.
 1 SYSTEMPATH/CodeIgniter.php(933): App\Controllers\Api\Entrenamientos->tablonAtleta('12')
 2 SYSTEMPATH/CodeIgniter.php(507): CodeIgniter\CodeIgniter->runController(Object(App\Controllers\Api\Entrenamientos))
 3 SYSTEMPATH/CodeIgniter.php(354): CodeIgniter\CodeIgniter->handleRequest(null, Object(Config\Cache), false)
 4 SYSTEMPATH/Boot.php(363): CodeIgniter\CodeIgniter->run()
 5 SYSTEMPATH/Boot.php(68): CodeIgniter\Boot::runCodeIgniter(Object(CodeIgniter\CodeIgniter))
 6 FCPATH/index.php(59): CodeIgniter\Boot::bootWeb(Object(Config\Paths))
CRITICAL - 2026-02-21 13:44:36 --> Error: Class "App\Models\InscripcionModel" not found
[Method: GET, Route: api/entrenamientos/12]
in APPPATH/Controllers/Api/Entrenamientos.php on line 38.
 1 SYSTEMPATH/CodeIgniter.php(933): App\Controllers\Api\Entrenamientos->tablonAtleta('12')
 2 SYSTEMPATH/CodeIgniter.php(507): CodeIgniter\CodeIgniter->runController(Object(App\Controllers\Api\Entrenamientos))
 3 SYSTEMPATH/CodeIgniter.php(354): CodeIgniter\CodeIgniter->handleRequest(null, Object(Config\Cache), false)
 4 SYSTEMPATH/Boot.php(363): CodeIgniter\CodeIgniter->run()
 5 SYSTEMPATH/Boot.php(68): CodeIgniter\Boot::runCodeIgniter(Object(CodeIgniter\CodeIgniter))
 6 FCPATH/index.php(59): CodeIgniter\Boot::bootWeb(Object(Config\Paths))
CRITICAL - 2026-02-21 13:44:43 --> Error: Class "App\Models\InscripcionModel" not found
[Method: GET, Route: api/entrenamientos/12]
in APPPATH/Controllers/Api/Entrenamientos.php on line 38.
 1 SYSTEMPATH/CodeIgniter.php(933): App\Controllers\Api\Entrenamientos->tablonAtleta('12')
 2 SYSTEMPATH/CodeIgniter.php(507): CodeIgniter\CodeIgniter->runController(Object(App\Controllers\Api\Entrenamientos))
 3 SYSTEMPATH/CodeIgniter.php(354): CodeIgniter\CodeIgniter->handleRequest(null, Object(Config\Cache), false)
 4 SYSTEMPATH/Boot.php(363): CodeIgniter\CodeIgniter->run()
 5 SYSTEMPATH/Boot.php(68): CodeIgniter\Boot::runCodeIgniter(Object(CodeIgniter\CodeIgniter))
 6 FCPATH/index.php(59): CodeIgniter\Boot::bootWeb(Object(Config\Paths))
CRITICAL - 2026-02-21 13:45:28 --> Error: Class "App\Models\InscripcionModel" not found
[Method: GET, Route: api/entrenamientos/12]
in APPPATH/Controllers/Api/Entrenamientos.php on line 38.
 1 SYSTEMPATH/CodeIgniter.php(933): App\Controllers\Api\Entrenamientos->tablonAtleta('12')
 2 SYSTEMPATH/CodeIgniter.php(507): CodeIgniter\CodeIgniter->runController(Object(App\Controllers\Api\Entrenamientos))
 3 SYSTEMPATH/CodeIgniter.php(354): CodeIgniter\CodeIgniter->handleRequest(null, Object(Config\Cache), false)
 4 SYSTEMPATH/Boot.php(363): CodeIgniter\CodeIgniter->run()
 5 SYSTEMPATH/Boot.php(68): CodeIgniter\Boot::runCodeIgniter(Object(CodeIgniter\CodeIgniter))
 6 FCPATH/index.php(59): CodeIgniter\Boot::bootWeb(Object(Config\Paths))
CRITICAL - 2026-02-21 13:45:31 --> Error: Class "App\Models\InscripcionModel" not found
[Method: GET, Route: api/entrenamientos/12]
in APPPATH/Controllers/Api/Entrenamientos.php on line 38.
 1 SYSTEMPATH/CodeIgniter.php(933): App\Controllers\Api\Entrenamientos->tablonAtleta('12')
 2 SYSTEMPATH/CodeIgniter.php(507): CodeIgniter\CodeIgniter->runController(Object(App\Controllers\Api\Entrenamientos))
 3 SYSTEMPATH/CodeIgniter.php(354): CodeIgniter\CodeIgniter->handleRequest(null, Object(Config\Cache), false)
 4 SYSTEMPATH/Boot.php(363): CodeIgniter\CodeIgniter->run()
 5 SYSTEMPATH/Boot.php(68): CodeIgniter\Boot::runCodeIgniter(Object(CodeIgniter\CodeIgniter))
 6 FCPATH/index.php(59): CodeIgniter\Boot::bootWeb(Object(Config\Paths))
CRITICAL - 2026-02-21 13:45:32 --> Error: Class "App\Models\InscripcionModel" not found
[Method: GET, Route: api/entrenamientos/12]
in APPPATH/Controllers/Api/Entrenamientos.php on line 38.
 1 SYSTEMPATH/CodeIgniter.php(933): App\Controllers\Api\Entrenamientos->tablonAtleta('12')
 2 SYSTEMPATH/CodeIgniter.php(507): CodeIgniter\CodeIgniter->runController(Object(App\Controllers\Api\Entrenamientos))
 3 SYSTEMPATH/CodeIgniter.php(354): CodeIgniter\CodeIgniter->handleRequest(null, Object(Config\Cache), false)
 4 SYSTEMPATH/Boot.php(363): CodeIgniter\CodeIgniter->run()
 5 SYSTEMPATH/Boot.php(68): CodeIgniter\Boot::runCodeIgniter(Object(CodeIgniter\CodeIgniter))
 6 FCPATH/index.php(59): CodeIgniter\Boot::bootWeb(Object(Config\Paths))
CRITICAL - 2026-02-21 13:45:37 --> Error: Class "App\Models\InscripcionModel" not found
[Method: GET, Route: api/entrenamientos/12]
in APPPATH/Controllers/Api/Entrenamientos.php on line 38.
 1 SYSTEMPATH/CodeIgniter.php(933): App\Controllers\Api\Entrenamientos->tablonAtleta('12')
 2 SYSTEMPATH/CodeIgniter.php(507): CodeIgniter\CodeIgniter->runController(Object(App\Controllers\Api\Entrenamientos))
 3 SYSTEMPATH/CodeIgniter.php(354): CodeIgniter\CodeIgniter->handleRequest(null, Object(Config\Cache), false)
 4 SYSTEMPATH/Boot.php(363): CodeIgniter\CodeIgniter->run()
 5 SYSTEMPATH/Boot.php(68): CodeIgniter\Boot::runCodeIgniter(Object(CodeIgniter\CodeIgniter))
 6 FCPATH/index.php(59): CodeIgniter\Boot::bootWeb(Object(Config\Paths))
CRITICAL - 2026-02-21 13:45:42 --> Error: Class "App\Models\InscripcionModel" not found
[Method: GET, Route: api/entrenamientos/12]
in APPPATH/Controllers/Api/Entrenamientos.php on line 38.
 1 SYSTEMPATH/CodeIgniter.php(933): App\Controllers\Api\Entrenamientos->tablonAtleta('12')
 2 SYSTEMPATH/CodeIgniter.php(507): CodeIgniter\CodeIgniter->runController(Object(App\Controllers\Api\Entrenamientos))
 3 SYSTEMPATH/CodeIgniter.php(354): CodeIgniter\CodeIgniter->handleRequest(null, Object(Config\Cache), false)
 4 SYSTEMPATH/Boot.php(363): CodeIgniter\CodeIgniter->run()
 5 SYSTEMPATH/Boot.php(68): CodeIgniter\Boot::runCodeIgniter(Object(CodeIgniter\CodeIgniter))
 6 FCPATH/index.php(59): CodeIgniter\Boot::bootWeb(Object(Config\Paths))
