CRITICAL - 2026-02-19 17:45:48 --> CodeIgniter\Exceptions\BadMethodCallException: Call to undefined method App\Models\ConversacionModel::getTodasConversacionesAdmin
[Method: GET, Route: api/mensajes/1]
in SYSTEMPATH/Model.php on line 927.
 1 APPPATH/Controllers/Api/Mensajes.php(30): CodeIgniter\Model->__call('getTodasConversacionesAdmin', [])
 2 SYSTEMPATH/CodeIgniter.php(933): App\Controllers\Api\Mensajes->index('1')
 3 SYSTEMPATH/CodeIgniter.php(507): CodeIgniter\CodeIgniter->runController(Object(App\Controllers\Api\Mensajes))
 4 SYSTEMPATH/CodeIgniter.php(354): CodeIgniter\CodeIgniter->handleRequest(null, Object(Config\Cache), false)
 5 SYSTEMPATH/Boot.php(363): CodeIgniter\CodeIgniter->run()
 6 SYSTEMPATH/Boot.php(68): CodeIgniter\Boot::runCodeIgniter(Object(CodeIgniter\CodeIgniter))
 7 FCPATH/index.php(59): CodeIgniter\Boot::bootWeb(Object(Config\Paths))
CRITICAL - 2026-02-19 17:46:07 --> CodeIgniter\Exceptions\BadMethodCallException: Call to undefined method App\Models\ConversacionModel::getTodasConversacionesAdmin
[Method: GET, Route: api/mensajes/1]
in SYSTEMPATH/Model.php on line 927.
 1 APPPATH/Controllers/Api/Mensajes.php(30): CodeIgniter\Model->__call('getTodasConversacionesAdmin', [])
 2 SYSTEMPATH/CodeIgniter.php(933): App\Controllers\Api\Mensajes->index('1')
 3 SYSTEMPATH/CodeIgniter.php(507): CodeIgniter\CodeIgniter->runController(Object(App\Controllers\Api\Mensajes))
 4 SYSTEMPATH/CodeIgniter.php(354): CodeIgniter\CodeIgniter->handleRequest(null, Object(Config\Cache), false)
 5 SYSTEMPATH/Boot.php(363): CodeIgniter\CodeIgniter->run()
 6 SYSTEMPATH/Boot.php(68): CodeIgniter\Boot::runCodeIgniter(Object(CodeIgniter\CodeIgniter))
 7 FCPATH/index.php(59): CodeIgniter\Boot::bootWeb(Object(Config\Paths))
CRITICAL - 2026-02-19 17:46:07 --> CodeIgniter\Exceptions\BadMethodCallException: Call to undefined method App\Models\ConversacionModel::getTodasConversacionesAdmin
[Method: GET, Route: api/mensajes/1]
in SYSTEMPATH/Model.php on line 927.
 1 APPPATH/Controllers/Api/Mensajes.php(30): CodeIgniter\Model->__call('getTodasConversacionesAdmin', [])
 2 SYSTEMPATH/CodeIgniter.php(933): App\Controllers\Api\Mensajes->index('1')
 3 SYSTEMPATH/CodeIgniter.php(507): CodeIgniter\CodeIgniter->runController(Object(App\Controllers\Api\Mensajes))
 4 SYSTEMPATH/CodeIgniter.php(354): CodeIgniter\CodeIgniter->handleRequest(null, Object(Config\Cache), false)
 5 SYSTEMPATH/Boot.php(363): CodeIgniter\CodeIgniter->run()
 6 SYSTEMPATH/Boot.php(68): CodeIgniter\Boot::runCodeIgniter(Object(CodeIgniter\CodeIgniter))
 7 FCPATH/index.php(59): CodeIgniter\Boot::bootWeb(Object(Config\Paths))
ERROR - 2026-02-19 18:05:22 --> mysqli_sql_exception: Unknown table 'club_lucha_db.conversaciones' in /var/www/html/tfg/club_lucha_api/system/Database/MySQLi/Connection.php:327
Stack trace:
#0 /var/www/html/tfg/club_lucha_api/system/Database/MySQLi/Connection.php(327): mysqli->query('SELECT `convers...', 0)
#1 /var/www/html/tfg/club_lucha_api/system/Database/BaseConnection.php(729): CodeIgniter\Database\MySQLi\Connection->execute('SELECT `convers...')
#2 /var/www/html/tfg/club_lucha_api/system/Database/BaseConnection.php(646): CodeIgniter\Database\BaseConnection->simpleQuery('SELECT `convers...')
#3 /var/www/html/tfg/club_lucha_api/system/Database/BaseBuilder.php(1649): CodeIgniter\Database\BaseConnection->query('SELECT `convers...', Array, false)
#4 /var/www/html/tfg/club_lucha_api/system/Model.php(286): CodeIgniter\Database\BaseBuilder->get()
#5 /var/www/html/tfg/club_lucha_api/system/BaseModel.php(677): CodeIgniter\Model->doFindAll(0, 0)
#6 /var/www/html/tfg/club_lucha_api/app/Models/MensajeModel.php(87): CodeIgniter\BaseModel->findAll()
#7 /var/www/html/tfg/club_lucha_api/app/Controllers/Api/Mensajes.php(29): App\Models\MensajeModel->getTodasConversacionesAdmin()
#8 /var/www/html/tfg/club_lucha_api/system/CodeIgniter.php(933): App\Controllers\Api\Mensajes->index('1')
#9 /var/www/html/tfg/club_lucha_api/system/CodeIgniter.php(507): CodeIgniter\CodeIgniter->runController(Object(App\Controllers\Api\Mensajes))
#10 /var/www/html/tfg/club_lucha_api/system/CodeIgniter.php(354): CodeIgniter\CodeIgniter->handleRequest(NULL, Object(Config\Cache), false)
#11 /var/www/html/tfg/club_lucha_api/system/Boot.php(363): CodeIgniter\CodeIgniter->run()
#12 /var/www/html/tfg/club_lucha_api/system/Boot.php(68): CodeIgniter\Boot::runCodeIgniter(Object(CodeIgniter\CodeIgniter))
#13 /var/www/html/tfg/club_lucha_api/public/index.php(59): CodeIgniter\Boot::bootWeb(Object(Config\Paths))
#14 {main}
CRITICAL - 2026-02-19 18:05:22 --> CodeIgniter\Database\Exceptions\DatabaseException: Unknown table 'club_lucha_db.conversaciones'
[Method: GET, Route: api/mensajes/1]
in SYSTEMPATH/Database/BaseConnection.php on line 684.
 1 SYSTEMPATH/Database/BaseBuilder.php(1649): CodeIgniter\Database\BaseConnection->query('SELECT `conversaciones`.*, `u1`.`nombre` as `nombre_u1`, `u1`.`apellidos` as `ap_u1`, `u1`.`rol` as `rol_u1`, `u2`.`nombre` as `nombre_u2`, `u2`.`apellidos` as `ap_u2`, `u2`.`rol` as `rol_u2`
FROM `mensajes`
LEFT JOIN `usuarios` `u1` ON `u1`.`id` = `conversaciones`.`usuario_1_id`
LEFT JOIN `usuarios` `u2` ON `u2`.`id` = `conversaciones`.`usuario_2_id`
ORDER BY `ultimo_mensaje_at` DESC', [], false)
 2 SYSTEMPATH/Model.php(286): CodeIgniter\Database\BaseBuilder->get()
 3 SYSTEMPATH/BaseModel.php(677): CodeIgniter\Model->doFindAll(0, 0)
 4 APPPATH/Models/MensajeModel.php(87): CodeIgniter\BaseModel->findAll()
 5 APPPATH/Controllers/Api/Mensajes.php(29): App\Models\MensajeModel->getTodasConversacionesAdmin()
 6 SYSTEMPATH/CodeIgniter.php(933): App\Controllers\Api\Mensajes->index('1')
 7 SYSTEMPATH/CodeIgniter.php(507): CodeIgniter\CodeIgniter->runController(Object(App\Controllers\Api\Mensajes))
 8 SYSTEMPATH/CodeIgniter.php(354): CodeIgniter\CodeIgniter->handleRequest(null, Object(Config\Cache), false)
 9 SYSTEMPATH/Boot.php(363): CodeIgniter\CodeIgniter->run()
10 SYSTEMPATH/Boot.php(68): CodeIgniter\Boot::runCodeIgniter(Object(CodeIgniter\CodeIgniter))
11 FCPATH/index.php(59): CodeIgniter\Boot::bootWeb(Object(Config\Paths))
CRITICAL - 2026-02-19 18:05:22 --> [Caused by] CodeIgniter\Database\Exceptions\DatabaseException: Unknown table 'club_lucha_db.conversaciones'
in SYSTEMPATH/Database/MySQLi/Connection.php on line 332.
 1 SYSTEMPATH/Database/BaseConnection.php(729): CodeIgniter\Database\MySQLi\Connection->execute('SELECT `conversaciones`.*, `u1`.`nombre` as `nombre_u1`, `u1`.`apellidos` as `ap_u1`, `u1`.`rol` as `rol_u1`, `u2`.`nombre` as `nombre_u2`, `u2`.`apellidos` as `ap_u2`, `u2`.`rol` as `rol_u2`
FROM `mensajes`
LEFT JOIN `usuarios` `u1` ON `u1`.`id` = `conversaciones`.`usuario_1_id`
LEFT JOIN `usuarios` `u2` ON `u2`.`id` = `conversaciones`.`usuario_2_id`
ORDER BY `ultimo_mensaje_at` DESC')
 2 SYSTEMPATH/Database/BaseConnection.php(646): CodeIgniter\Database\BaseConnection->simpleQuery('SELECT `conversaciones`.*, `u1`.`nombre` as `nombre_u1`, `u1`.`apellidos` as `ap_u1`, `u1`.`rol` as `rol_u1`, `u2`.`nombre` as `nombre_u2`, `u2`.`apellidos` as `ap_u2`, `u2`.`rol` as `rol_u2`
FROM `mensajes`
LEFT JOIN `usuarios` `u1` ON `u1`.`id` = `conversaciones`.`usuario_1_id`
LEFT JOIN `usuarios` `u2` ON `u2`.`id` = `conversaciones`.`usuario_2_id`
ORDER BY `ultimo_mensaje_at` DESC')
 3 SYSTEMPATH/Database/BaseBuilder.php(1649): CodeIgniter\Database\BaseConnection->query('SELECT `conversaciones`.*, `u1`.`nombre` as `nombre_u1`, `u1`.`apellidos` as `ap_u1`, `u1`.`rol` as `rol_u1`, `u2`.`nombre` as `nombre_u2`, `u2`.`apellidos` as `ap_u2`, `u2`.`rol` as `rol_u2`
FROM `mensajes`
LEFT JOIN `usuarios` `u1` ON `u1`.`id` = `conversaciones`.`usuario_1_id`
LEFT JOIN `usuarios` `u2` ON `u2`.`id` = `conversaciones`.`usuario_2_id`
ORDER BY `ultimo_mensaje_at` DESC', [], false)
 4 SYSTEMPATH/Model.php(286): CodeIgniter\Database\BaseBuilder->get()
 5 SYSTEMPATH/BaseModel.php(677): CodeIgniter\Model->doFindAll(0, 0)
 6 APPPATH/Models/MensajeModel.php(87): CodeIgniter\BaseModel->findAll()
 7 APPPATH/Controllers/Api/Mensajes.php(29): App\Models\MensajeModel->getTodasConversacionesAdmin()
 8 SYSTEMPATH/CodeIgniter.php(933): App\Controllers\Api\Mensajes->index('1')
 9 SYSTEMPATH/CodeIgniter.php(507): CodeIgniter\CodeIgniter->runController(Object(App\Controllers\Api\Mensajes))
10 SYSTEMPATH/CodeIgniter.php(354): CodeIgniter\CodeIgniter->handleRequest(null, Object(Config\Cache), false)
11 SYSTEMPATH/Boot.php(363): CodeIgniter\CodeIgniter->run()
12 SYSTEMPATH/Boot.php(68): CodeIgniter\Boot::runCodeIgniter(Object(CodeIgniter\CodeIgniter))
13 FCPATH/index.php(59): CodeIgniter\Boot::bootWeb(Object(Config\Paths))
CRITICAL - 2026-02-19 18:05:22 --> [Caused by] mysqli_sql_exception: Unknown table 'club_lucha_db.conversaciones'
in SYSTEMPATH/Database/MySQLi/Connection.php on line 327.
 1 SYSTEMPATH/Database/MySQLi/Connection.php(327): mysqli->query('SELECT `conversaciones`.*, `u1`.`nombre` as `nombre_u1`, `u1`.`apellidos` as `ap_u1`, `u1`.`rol` as `rol_u1`, `u2`.`nombre` as `nombre_u2`, `u2`.`apellidos` as `ap_u2`, `u2`.`rol` as `rol_u2`
FROM `mensajes`
LEFT JOIN `usuarios` `u1` ON `u1`.`id` = `conversaciones`.`usuario_1_id`
LEFT JOIN `usuarios` `u2` ON `u2`.`id` = `conversaciones`.`usuario_2_id`
ORDER BY `ultimo_mensaje_at` DESC', 0)
 2 SYSTEMPATH/Database/BaseConnection.php(729): CodeIgniter\Database\MySQLi\Connection->execute('SELECT `conversaciones`.*, `u1`.`nombre` as `nombre_u1`, `u1`.`apellidos` as `ap_u1`, `u1`.`rol` as `rol_u1`, `u2`.`nombre` as `nombre_u2`, `u2`.`apellidos` as `ap_u2`, `u2`.`rol` as `rol_u2`
FROM `mensajes`
LEFT JOIN `usuarios` `u1` ON `u1`.`id` = `conversaciones`.`usuario_1_id`
LEFT JOIN `usuarios` `u2` ON `u2`.`id` = `conversaciones`.`usuario_2_id`
ORDER BY `ultimo_mensaje_at` DESC')
 3 SYSTEMPATH/Database/BaseConnection.php(646): CodeIgniter\Database\BaseConnection->simpleQuery('SELECT `conversaciones`.*, `u1`.`nombre` as `nombre_u1`, `u1`.`apellidos` as `ap_u1`, `u1`.`rol` as `rol_u1`, `u2`.`nombre` as `nombre_u2`, `u2`.`apellidos` as `ap_u2`, `u2`.`rol` as `rol_u2`
FROM `mensajes`
LEFT JOIN `usuarios` `u1` ON `u1`.`id` = `conversaciones`.`usuario_1_id`
LEFT JOIN `usuarios` `u2` ON `u2`.`id` = `conversaciones`.`usuario_2_id`
ORDER BY `ultimo_mensaje_at` DESC')
 4 SYSTEMPATH/Database/BaseBuilder.php(1649): CodeIgniter\Database\BaseConnection->query('SELECT `conversaciones`.*, `u1`.`nombre` as `nombre_u1`, `u1`.`apellidos` as `ap_u1`, `u1`.`rol` as `rol_u1`, `u2`.`nombre` as `nombre_u2`, `u2`.`apellidos` as `ap_u2`, `u2`.`rol` as `rol_u2`
FROM `mensajes`
LEFT JOIN `usuarios` `u1` ON `u1`.`id` = `conversaciones`.`usuario_1_id`
LEFT JOIN `usuarios` `u2` ON `u2`.`id` = `conversaciones`.`usuario_2_id`
ORDER BY `ultimo_mensaje_at` DESC', [], false)
 5 SYSTEMPATH/Model.php(286): CodeIgniter\Database\BaseBuilder->get()
 6 SYSTEMPATH/BaseModel.php(677): CodeIgniter\Model->doFindAll(0, 0)
 7 APPPATH/Models/MensajeModel.php(87): CodeIgniter\BaseModel->findAll()
 8 APPPATH/Controllers/Api/Mensajes.php(29): App\Models\MensajeModel->getTodasConversacionesAdmin()
 9 SYSTEMPATH/CodeIgniter.php(933): App\Controllers\Api\Mensajes->index('1')
10 SYSTEMPATH/CodeIgniter.php(507): CodeIgniter\CodeIgniter->runController(Object(App\Controllers\Api\Mensajes))
11 SYSTEMPATH/CodeIgniter.php(354): CodeIgniter\CodeIgniter->handleRequest(null, Object(Config\Cache), false)
12 SYSTEMPATH/Boot.php(363): CodeIgniter\CodeIgniter->run()
13 SYSTEMPATH/Boot.php(68): CodeIgniter\Boot::runCodeIgniter(Object(CodeIgniter\CodeIgniter))
14 FCPATH/index.php(59): CodeIgniter\Boot::bootWeb(Object(Config\Paths))
